 
****************************************
Report : area
Design : SME
Version: N-2017.09-SP2
Date   : Thu Jan 18 16:14:51 2024
****************************************

Library(s) Used:

    slow (File: /usr/cad/Design_Kit/CBDK_IC_Contest_v2.5/SynopsysDC/db/slow.db)

Number of ports:                           19
Number of nets:                          3360
Number of cells:                         3145
Number of combinational cells:           2757
Number of sequential cells:               388
Number of macros/black boxes:               0
Number of buf/inv:                        206
Number of references:                      73

Combinational area:              22123.912279
Buf/Inv area:                      748.553388
Noncombinational area:           12397.809256
Macro/Black Box area:                0.000000
Net Interconnect area:      undefined  (No wire load specified)

Total cell area:                 34521.721534
Total area:                 undefined
1
