 
****************************************
Report : resources
Design : SME
Version: N-2017.09-SP2
Date   : Thu Jan 18 16:14:51 2024
****************************************


Resource Report for this hierarchy in file
        /home/rain/IC_LAB/IC_training/2021_SP/Lab02/SME.v
=============================================================================
| Cell           | Module         | Parameters | Contained Operations       |
=============================================================================
| gte_x_2        | DW_cmp         | width=6    | gte_64 (SME.v:64)          |
| gte_x_3        | DW_cmp         | width=6    | gte_65 (SME.v:65)          |
| sub_x_7        | DW01_sub       | width=5    | sub_119_aco (SME.v:119)    |
| sub_x_8        | DW01_sub       | width=5    | sub_122_aco (SME.v:122)    |
| eq_x_15        | DW_cmp         | width=8    | eq_165 (SME.v:165)         |
| eq_x_16        | DW_cmp         | width=8    | eq_165_G2 (SME.v:165)      |
| eq_x_17        | DW_cmp         | width=8    | eq_165_G3 (SME.v:165)      |
| eq_x_18        | DW_cmp         | width=8    | eq_165_G4 (SME.v:165)      |
| eq_x_19        | DW_cmp         | width=8    | eq_165_G5 (SME.v:165)      |
| eq_x_20        | DW_cmp         | width=8    | eq_165_G6 (SME.v:165)      |
| eq_x_21        | DW_cmp         | width=8    | eq_165_G7 (SME.v:165)      |
| eq_x_22        | DW_cmp         | width=8    | eq_165_G8 (SME.v:165)      |
| add_x_31       | DW01_inc       | width=4    | add_259 (SME.v:259)        |
| lte_x_53       | DW_cmp         | width=6    | lte_341 (SME.v:341)        |
| lt_x_69        | DW_cmp         | width=4    | lt_361 (SME.v:361)         |
| lt_x_70        | DW_cmp         | width=4    | lt_361_I2 (SME.v:361)      |
| lt_x_71        | DW_cmp         | width=4    | lt_361_I3 (SME.v:361)      |
| lt_x_72        | DW_cmp         | width=4    | lt_361_I4 (SME.v:361)      |
| lt_x_73        | DW_cmp         | width=4    | lt_361_I5 (SME.v:361)      |
| lt_x_74        | DW_cmp         | width=4    | lt_361_I6 (SME.v:361)      |
| lt_x_75        | DW_cmp         | width=4    | lt_361_I7 (SME.v:361)      |
| lt_x_77        | DW_cmp         | width=6    | lt_371_I2 (SME.v:371)      |
| lt_x_78        | DW_cmp         | width=6    | lt_371_I3 (SME.v:371)      |
| lt_x_79        | DW_cmp         | width=6    | lt_371_I4 (SME.v:371)      |
| lt_x_80        | DW_cmp         | width=6    | lt_371_I5 (SME.v:371)      |
| lt_x_81        | DW_cmp         | width=6    | lt_371_I6 (SME.v:371)      |
| lt_x_82        | DW_cmp         | width=6    | lt_371_I7 (SME.v:371)      |
| lt_x_83        | DW_cmp         | width=6    | lt_371_I8 (SME.v:371)      |
| gte_x_116      | DW_cmp         | width=6    | gte_456 (SME.v:456)        |
| add_x_127      | DW01_add       | width=6    | add_371_2_I2 (SME.v:371)   |
|                |                |            | add_371_I2 (SME.v:371)     |
| add_x_128      | DW01_add       | width=6    | add_371_2_I3 (SME.v:371)   |
|                |                |            | add_371_I3 (SME.v:371)     |
| add_x_129      | DW01_add       | width=6    | add_371_2_I4 (SME.v:371)   |
|                |                |            | add_371_I4 (SME.v:371)     |
| add_x_130      | DW01_add       | width=6    | add_371_2_I5 (SME.v:371)   |
|                |                |            | add_371_I5 (SME.v:371)     |
| add_x_131      | DW01_add       | width=6    | add_371_2_I6 (SME.v:371)   |
|                |                |            | add_371_I6 (SME.v:371)     |
| add_x_132      | DW01_add       | width=6    | add_371_2_I7 (SME.v:371)   |
|                |                |            | add_371_I7 (SME.v:371)     |
| add_x_133      | DW01_add       | width=6    | add_371_2_I8 (SME.v:371)   |
|                |                |            | add_371_I8 (SME.v:371)     |
| DP_OP_541J1_122_6630            |            |                            |
|                | DP_OP_541J1_122_6630 |      |                            |
| DP_OP_542J1_123_7011            |            |                            |
|                | DP_OP_542J1_123_7011 |      |                            |
| DP_OP_543J1_124_3595            |            |                            |
|                | DP_OP_543J1_124_3595 |      |                            |
| DP_OP_544J1_125_383             |            |                            |
|                | DP_OP_544J1_125_383 |       |                            |
| DP_OP_545J1_126_8353            |            |                            |
|                | DP_OP_545J1_126_8353 |      |                            |
| DP_OP_546J1_127_774             |            |                            |
|                | DP_OP_546J1_127_774 |       |                            |
| DP_OP_547J1_128_774             |            |                            |
|                | DP_OP_547J1_128_774 |       |                            |
| DP_OP_548J1_129_774             |            |                            |
|                | DP_OP_548J1_129_774 |       |                            |
| DP_OP_549J1_130_774             |            |                            |
|                | DP_OP_549J1_130_774 |       |                            |
| DP_OP_550J1_131_774             |            |                            |
|                | DP_OP_550J1_131_774 |       |                            |
| DP_OP_551J1_132_774             |            |                            |
|                | DP_OP_551J1_132_774 |       |                            |
| DP_OP_552J1_133_1308            |            |                            |
|                | DP_OP_552J1_133_1308 |      |                            |
=============================================================================

Datapath Report for DP_OP_541J1_122_6630
==============================================================================
| Cell                 | Contained Operations                                |
==============================================================================
| DP_OP_541J1_122_6630 | add_63 (SME.v:63) add_371_2 (SME.v:371)             |
|                      | lt_371 (SME.v:371)                                  |
==============================================================================

==============================================================================
|       |      | Data     |       |                                          |
| Var   | Type | Class    | Width | Expression                               |
==============================================================================
| I1    | PI   | Unsigned | 4     |                                          |
| I2    | PI   | Unsigned | 4     |                                          |
| O1    | PO   | Unsigned | 5     | I1 + $unsigned(1'b1) ( SME.v:63 SME.v:371 ) |
| O2    | PO   | Unsigned | 1     | O1 < I2 (SME.v:371)                      |
==============================================================================

Datapath Report for DP_OP_542J1_123_7011
==============================================================================
| Cell                 | Contained Operations                                |
==============================================================================
| DP_OP_542J1_123_7011 | sub_64 (SME.v:64) add_64 (SME.v:64)                 |
|                      | add_64_2 (SME.v:64) sub_65 (SME.v:65)               |
|                      | add_65 (SME.v:65)                                   |
==============================================================================

==============================================================================
|       |      | Data     |       |                                          |
| Var   | Type | Class    | Width | Expression                               |
==============================================================================
| I1    | PI   | Unsigned | 6     |                                          |
| I2    | PI   | Unsigned | 1     |                                          |
| I3    | PI   | Unsigned | 4     |                                          |
| I4    | PI   | Unsigned | 4     |                                          |
| I5    | PI   | Unsigned | 4     |                                          |
| T538  | IFO  | Unsigned | 6     | I1 + I2 ( SME.v:64 SME.v:65 )            |
| O1    | PO   | Signed   | 6     | -I3 + I4 + T538 (SME.v:64)               |
| O2    | PO   | Signed   | 6     | -I5 + T538 (SME.v:65)                    |
==============================================================================

Datapath Report for DP_OP_543J1_124_3595
==============================================================================
| Cell                 | Contained Operations                                |
==============================================================================
| DP_OP_543J1_124_3595 | mult_add_235_aco (SME.v:235)                        |
|                      | add_235_aco (SME.v:235)                             |
==============================================================================

==============================================================================
|       |      | Data     |       |                                          |
| Var   | Type | Class    | Width | Expression                               |
==============================================================================
| I1    | PI   | Unsigned | 6     |                                          |
| I2    | PI   | Unsigned | 1     |                                          |
| T153  | IFO  | Unsigned | 6     | I1 * I2 (SME.v:235)                      |
| O1    | PO   | Unsigned | 6     | T153 + $unsigned(1'b1) (SME.v:235)       |
==============================================================================

Datapath Report for DP_OP_544J1_125_383
==============================================================================
| Cell                 | Contained Operations                                |
==============================================================================
| DP_OP_544J1_125_383  | mult_add_313_aco (SME.v:313)                        |
|                      | add_313_aco (SME.v:313)                             |
==============================================================================

==============================================================================
|       |      | Data     |       |                                          |
| Var   | Type | Class    | Width | Expression                               |
==============================================================================
| I1    | PI   | Unsigned | 6     |                                          |
| I2    | PI   | Unsigned | 1     |                                          |
| I3    | PI   | Unsigned | 4     |                                          |
| T154  | IFO  | Unsigned | 6     | I1 * I2 (SME.v:313)                      |
| O1    | PO   | Unsigned | 6     | T154 + I3 (SME.v:313)                    |
==============================================================================

Datapath Report for DP_OP_545J1_126_8353
==============================================================================
| Cell                 | Contained Operations                                |
==============================================================================
| DP_OP_545J1_126_8353 | add_317 (SME.v:317) add_341_I2 (SME.v:341)          |
|                      | lte_341_I2 (SME.v:341)                              |
==============================================================================

==============================================================================
|       |      | Data     |       |                                          |
| Var   | Type | Class    | Width | Expression                               |
==============================================================================
| I1    | PI   | Unsigned | 6     |                                          |
| I2    | PI   | Unsigned | 6     |                                          |
| O1    | PO   | Unsigned | 7     | I1 + $unsigned(1'b1) ( SME.v:317 SME.v:341 ) |
| O2    | PO   | Unsigned | 1     | O1 <= I2 (SME.v:341)                     |
==============================================================================

Datapath Report for DP_OP_546J1_127_774
==============================================================================
| Cell                 | Contained Operations                                |
==============================================================================
| DP_OP_546J1_127_774  | add_341_I3 (SME.v:341) lte_341_I3 (SME.v:341)       |
==============================================================================

==============================================================================
|       |      | Data     |       |                                          |
| Var   | Type | Class    | Width | Expression                               |
==============================================================================
| I1    | PI   | Unsigned | 6     |                                          |
| I2    | PI   | Unsigned | 6     |                                          |
| T55   | IFO  | Unsigned | 7     | I1 + $unsigned(2'b10) (SME.v:341)        |
| O1    | PO   | Unsigned | 1     | T55 <= I2 (SME.v:341)                    |
==============================================================================

Datapath Report for DP_OP_547J1_128_774
==============================================================================
| Cell                 | Contained Operations                                |
==============================================================================
| DP_OP_547J1_128_774  | add_341_I4 (SME.v:341) lte_341_I4 (SME.v:341)       |
==============================================================================

==============================================================================
|       |      | Data     |       |                                          |
| Var   | Type | Class    | Width | Expression                               |
==============================================================================
| I1    | PI   | Unsigned | 6     |                                          |
| I2    | PI   | Unsigned | 6     |                                          |
| T57   | IFO  | Unsigned | 7     | I1 + $unsigned(2'b11) (SME.v:341)        |
| O1    | PO   | Unsigned | 1     | T57 <= I2 (SME.v:341)                    |
==============================================================================

Datapath Report for DP_OP_548J1_129_774
==============================================================================
| Cell                 | Contained Operations                                |
==============================================================================
| DP_OP_548J1_129_774  | add_341_I5 (SME.v:341) lte_341_I5 (SME.v:341)       |
==============================================================================

==============================================================================
|       |      | Data     |       |                                          |
| Var   | Type | Class    | Width | Expression                               |
==============================================================================
| I1    | PI   | Unsigned | 6     |                                          |
| I2    | PI   | Unsigned | 6     |                                          |
| T59   | IFO  | Unsigned | 7     | I1 + $unsigned(3'b100) (SME.v:341)       |
| O1    | PO   | Unsigned | 1     | T59 <= I2 (SME.v:341)                    |
==============================================================================

Datapath Report for DP_OP_549J1_130_774
==============================================================================
| Cell                 | Contained Operations                                |
==============================================================================
| DP_OP_549J1_130_774  | add_341_I6 (SME.v:341) lte_341_I6 (SME.v:341)       |
==============================================================================

==============================================================================
|       |      | Data     |       |                                          |
| Var   | Type | Class    | Width | Expression                               |
==============================================================================
| I1    | PI   | Unsigned | 6     |                                          |
| I2    | PI   | Unsigned | 6     |                                          |
| T61   | IFO  | Unsigned | 7     | I1 + $unsigned(3'b101) (SME.v:341)       |
| O1    | PO   | Unsigned | 1     | T61 <= I2 (SME.v:341)                    |
==============================================================================

Datapath Report for DP_OP_550J1_131_774
==============================================================================
| Cell                 | Contained Operations                                |
==============================================================================
| DP_OP_550J1_131_774  | add_341_I7 (SME.v:341) lte_341_I7 (SME.v:341)       |
==============================================================================

==============================================================================
|       |      | Data     |       |                                          |
| Var   | Type | Class    | Width | Expression                               |
==============================================================================
| I1    | PI   | Unsigned | 6     |                                          |
| I2    | PI   | Unsigned | 6     |                                          |
| T63   | IFO  | Unsigned | 7     | I1 + $unsigned(3'b110) (SME.v:341)       |
| O1    | PO   | Unsigned | 1     | T63 <= I2 (SME.v:341)                    |
==============================================================================

Datapath Report for DP_OP_551J1_132_774
==============================================================================
| Cell                 | Contained Operations                                |
==============================================================================
| DP_OP_551J1_132_774  | add_341_I8 (SME.v:341) lte_341_I8 (SME.v:341)       |
==============================================================================

==============================================================================
|       |      | Data     |       |                                          |
| Var   | Type | Class    | Width | Expression                               |
==============================================================================
| I1    | PI   | Unsigned | 6     |                                          |
| I2    | PI   | Unsigned | 6     |                                          |
| T65   | IFO  | Unsigned | 7     | I1 + $unsigned(3'b111) (SME.v:341)       |
| O1    | PO   | Unsigned | 1     | T65 <= I2 (SME.v:341)                    |
==============================================================================

Datapath Report for DP_OP_552J1_133_1308
==============================================================================
| Cell                 | Contained Operations                                |
==============================================================================
| DP_OP_552J1_133_1308 | add_456 (SME.v:456) sub_456 (SME.v:456)             |
|                      | sub_456_2 (SME.v:456)                               |
==============================================================================

==============================================================================
|       |      | Data     |       |                                          |
| Var   | Type | Class    | Width | Expression                               |
==============================================================================
| I1    | PI   | Signed   | 6     |                                          |
| I2    | PI   | Unsigned | 4     |                                          |
| I3    | PI   | Unsigned | 4     |                                          |
| I4    | PI   | Unsigned | 1     |                                          |
| O1    | PO   | Signed   | 6     | I1 + I2 - I3 - I4 (SME.v:456)            |
==============================================================================


Datapath Extraction Report

Information: Operator associated with resources 'sub_64 (SME.v:64) add_64 (SME.v:64) add_64_2 (SME.v:64)' in design 'SME' breaks the datapath extraction because there is leakage due to truncation on its fanout to operator of resources 'gte_64 (SME.v:64)'.  (HDL-120)

Information: Operator associated with resources 'sub_65 (SME.v:65) add_65 (SME.v:65)' in design 'SME' breaks the datapath extraction because there is leakage due to truncation on its fanout to operator of resources 'gte_65 (SME.v:65)'.  (HDL-120)

Information: Operator associated with resources 'add_371_I2 (SME.v:371) add_371_2_I2 (SME.v:371)' in design 'SME' breaks the datapath extraction because there is leakage due to truncation on its fanout to operator of resources 'lt_371_I2 (SME.v:371)'.  (HDL-120)

Information: Operator associated with resources 'add_371_I3 (SME.v:371) add_371_2_I3 (SME.v:371)' in design 'SME' breaks the datapath extraction because there is leakage due to truncation on its fanout to operator of resources 'lt_371_I3 (SME.v:371)'.  (HDL-120)

Information: Operator associated with resources 'add_371_I4 (SME.v:371) add_371_2_I4 (SME.v:371)' in design 'SME' breaks the datapath extraction because there is leakage due to truncation on its fanout to operator of resources 'lt_371_I4 (SME.v:371)'.  (HDL-120)

Information: Operator associated with resources 'add_371_I5 (SME.v:371) add_371_2_I5 (SME.v:371)' in design 'SME' breaks the datapath extraction because there is leakage due to truncation on its fanout to operator of resources 'lt_371_I5 (SME.v:371)'.  (HDL-120)

Information: Operator associated with resources 'add_371_I6 (SME.v:371) add_371_2_I6 (SME.v:371)' in design 'SME' breaks the datapath extraction because there is leakage due to truncation on its fanout to operator of resources 'lt_371_I6 (SME.v:371)'.  (HDL-120)

Information: Operator associated with resources 'add_371_I7 (SME.v:371) add_371_2_I7 (SME.v:371)' in design 'SME' breaks the datapath extraction because there is leakage due to truncation on its fanout to operator of resources 'lt_371_I7 (SME.v:371)'.  (HDL-120)

Information: Operator associated with resources 'add_371_I8 (SME.v:371) add_371_2_I8 (SME.v:371)' in design 'SME' breaks the datapath extraction because there is leakage due to truncation on its fanout to operator of resources 'lt_371_I8 (SME.v:371)'.  (HDL-120)

Information: Operator associated with resources 'add_456 (SME.v:456) sub_456 (SME.v:456) sub_456_2 (SME.v:456)' in design 'SME' breaks the datapath extraction because there is leakage due to truncation on its fanout to operator of resources 'gte_456 (SME.v:456)'.  (HDL-120)


Implementation Report
===============================================================================
|                    |                  | Current            | Set            |
| Cell               | Module           | Implementation     | Implementation |
===============================================================================
| gte_x_2            | DW_cmp           | apparch (area)     |                |
| gte_x_3            | DW_cmp           | apparch (area)     |                |
| sub_x_7            | DW01_sub         | apparch (area)     |                |
| sub_x_8            | DW01_sub         | apparch (area)     |                |
| eq_x_15            | DW_cmp           | apparch (area)     |                |
| eq_x_16            | DW_cmp           | apparch (area)     |                |
| eq_x_17            | DW_cmp           | apparch (area)     |                |
| eq_x_18            | DW_cmp           | apparch (area)     |                |
| eq_x_19            | DW_cmp           | apparch (area)     |                |
| eq_x_20            | DW_cmp           | apparch (area)     |                |
| eq_x_21            | DW_cmp           | apparch (area)     |                |
| eq_x_22            | DW_cmp           | apparch (area)     |                |
| add_x_31           | DW01_inc         | apparch (area)     |                |
| lte_x_53           | DW_cmp           | apparch (area)     |                |
| lt_x_69            | DW_cmp           | apparch (area)     |                |
| lt_x_70            | DW_cmp           | apparch (area)     |                |
| lt_x_71            | DW_cmp           | apparch (area)     |                |
| lt_x_72            | DW_cmp           | apparch (area)     |                |
| lt_x_73            | DW_cmp           | apparch (area)     |                |
| lt_x_74            | DW_cmp           | apparch (area)     |                |
| lt_x_75            | DW_cmp           | apparch (area)     |                |
| lt_x_77            | DW_cmp           | apparch (area)     |                |
| lt_x_78            | DW_cmp           | apparch (area)     |                |
| lt_x_79            | DW_cmp           | apparch (area)     |                |
| lt_x_80            | DW_cmp           | apparch (area)     |                |
| lt_x_81            | DW_cmp           | apparch (area)     |                |
| lt_x_82            | DW_cmp           | apparch (area)     |                |
| lt_x_83            | DW_cmp           | apparch (area)     |                |
| gte_x_116          | DW_cmp           | apparch (area)     |                |
| add_x_127          | DW01_add         | apparch (area)     |                |
| add_x_128          | DW01_add         | apparch (area)     |                |
| add_x_129          | DW01_add         | apparch (area)     |                |
| add_x_130          | DW01_add         | apparch (area)     |                |
| add_x_131          | DW01_add         | apparch (area)     |                |
| add_x_132          | DW01_add         | apparch (area)     |                |
| add_x_133          | DW01_add         | apparch (area)     |                |
| DP_OP_541J1_122_6630                  |                    |                |
|                    | DP_OP_541J1_122_6630 | str (area)     |                |
| DP_OP_542J1_123_7011                  |                    |                |
|                    | DP_OP_542J1_123_7011 | str (area)     |                |
| DP_OP_543J1_124_3595                  |                    |                |
|                    | DP_OP_543J1_124_3595 | str (area)     |                |
|                    |                  | mult_arch: and     |                |
| DP_OP_544J1_125_383                   |                    |                |
|                    | DP_OP_544J1_125_383 | str (area)      |                |
|                    |                  | mult_arch: and     |                |
| DP_OP_545J1_126_8353                  |                    |                |
|                    | DP_OP_545J1_126_8353 | str (area)     |                |
| DP_OP_546J1_127_774                   |                    |                |
|                    | DP_OP_546J1_127_774 | str (area)      |                |
| DP_OP_547J1_128_774                   |                    |                |
|                    | DP_OP_547J1_128_774 | str (area)      |                |
| DP_OP_548J1_129_774                   |                    |                |
|                    | DP_OP_548J1_129_774 | str (area)      |                |
| DP_OP_549J1_130_774                   |                    |                |
|                    | DP_OP_549J1_130_774 | str (area)      |                |
| DP_OP_550J1_131_774                   |                    |                |
|                    | DP_OP_550J1_131_774 | str (area)      |                |
| DP_OP_551J1_132_774                   |                    |                |
|                    | DP_OP_551J1_132_774 | str (area)      |                |
| DP_OP_552J1_133_1308                  |                    |                |
|                    | DP_OP_552J1_133_1308 | str (area)     |                |
===============================================================================

1
