 
****************************************
Report : power
        -analysis_effort low
Design : SME
Version: N-2017.09-SP2
Date   : Thu Jan 18 16:14:51 2024
****************************************


Library(s) Used:

    slow (File: /usr/cad/Design_Kit/CBDK_IC_Contest_v2.5/SynopsysDC/db/slow.db)


Operating Conditions: slow   Library: slow
Wire Load Model Mode: top


Global Operating Voltage = 1.08 
Power-specific unit information :
    Voltage Units = 1V
    Capacitance Units = 1.000000pf
    Time Units = 1ns
    Dynamic Power Units = 1mW    (derived from V,C,T units)
    Leakage Power Units = 1pW


  Cell Internal Power  =   1.6027 mW   (97%)
  Net Switching Power  =  43.9574 uW    (3%)
                         ---------
Total Dynamic Power    =   1.6467 mW  (100%)

Cell Leakage Power     =  17.8456 uW


                 Internal         Switching           Leakage            Total
Power Group      Power            Power               Power              Power   (   %    )  Attrs
--------------------------------------------------------------------------------------------------
io_pad             0.0000            0.0000            0.0000            0.0000  (   0.00%)
memory             0.0000            0.0000            0.0000            0.0000  (   0.00%)
black_box          0.0000            0.0000            0.0000            0.0000  (   0.00%)
clock_network      0.0000            0.0000            0.0000            0.0000  (   0.00%)
register           1.5750        9.7647e-03        1.1501e+07            1.5963  (  95.90%)
sequential     3.6445e-04        2.5347e-05        5.4121e+04        4.4391e-04  (   0.03%)
combinational  2.7385e-02        3.4167e-02        6.2906e+06        6.7843e-02  (   4.08%)
--------------------------------------------------------------------------------------------------
Total              1.6027 mW     4.3957e-02 mW     1.7846e+07 pW         1.6645 mW
1
