 
****************************************
Report : area
Design : SMC
Version: N-2017.09-SP2
Date   : Wed Jul 20 10:09:15 2022
****************************************

Library(s) Used:

    slow (File: /usr/cad/Design_Kit/CBDK_IC_Contest_v2.5/SynopsysDC/db/slow.db)

Number of ports:                           66
Number of nets:                          1575
Number of cells:                         1467
Number of combinational cells:           1467
Number of sequential cells:                 0
Number of macros/black boxes:               0
Number of buf/inv:                        256
Number of references:                      36

Combinational area:              11617.005605
Buf/Inv area:                      869.068787
Noncombinational area:               0.000000
Macro/Black Box area:                0.000000
Net Interconnect area:      undefined  (No wire load specified)

Total cell area:                 11617.005605
Total area:                 undefined
1
